  [1m[35m (30.7ms)[0m  [1m[35mCREATE TABLE "schema_migrations" ("version" character varying PRIMARY KEY)[0m
  [1m[35m (25.2ms)[0m  [1m[35mCREATE TABLE "ar_internal_metadata" ("key" character varying PRIMARY KEY, "value" character varying, "created_at" timestamp NOT NULL, "updated_at" timestamp NOT NULL)[0m
  [1m[36mActiveRecord::SchemaMigration Load (0.9ms)[0m  [1m[34mSELECT "schema_migrations".* FROM "schema_migrations"[0m
  [1m[36mActiveRecord::SchemaMigration Load (0.3ms)[0m  [1m[34mSELECT "schema_migrations".* FROM "schema_migrations"[0m
  [1m[35m (8.7ms)[0m  [1m[34mSELECT pg_try_advisory_lock(6836333173017641475);[0m
  [1m[36mActiveRecord::SchemaMigration Load (0.5ms)[0m  [1m[34mSELECT "schema_migrations".* FROM "schema_migrations"[0m
Migrating to CreateContacts (20170502033936)
  [1m[35m (0.2ms)[0m  [1m[35mBEGIN[0m
  [1m[35m (33.1ms)[0m  [1m[35mCREATE TABLE "contacts" ("id" serial primary key, "first_name" character varying, "last_name" character varying, "email" character varying, "phone_number" character varying, "created_at" timestamp NOT NULL, "updated_at" timestamp NOT NULL)[0m
  [1m[35mSQL (0.8ms)[0m  [1m[32mINSERT INTO "schema_migrations" ("version") VALUES ($1) RETURNING "version"[0m  [["version", "20170502033936"]]
  [1m[35m (1.7ms)[0m  [1m[35mCOMMIT[0m
  [1m[36mActiveRecord::InternalMetadata Load (2.0ms)[0m  [1m[34mSELECT  "ar_internal_metadata".* FROM "ar_internal_metadata" WHERE "ar_internal_metadata"."key" = $1 LIMIT $2[0m  [["key", :environment], ["LIMIT", 1]]
  [1m[35m (0.2ms)[0m  [1m[35mBEGIN[0m
  [1m[35mSQL (0.4ms)[0m  [1m[32mINSERT INTO "ar_internal_metadata" ("key", "value", "created_at", "updated_at") VALUES ($1, $2, $3, $4) RETURNING "key"[0m  [["key", "environment"], ["value", "development"], ["created_at", 2017-05-02 03:40:16 UTC], ["updated_at", 2017-05-02 03:40:16 UTC]]
  [1m[35m (1.3ms)[0m  [1m[35mCOMMIT[0m
  [1m[35m (0.3ms)[0m  [1m[34mSELECT pg_advisory_unlock(6836333173017641475)[0m
  [1m[36mActiveRecord::SchemaMigration Load (0.3ms)[0m  [1m[34mSELECT "schema_migrations".* FROM "schema_migrations"[0m
  [1m[35m (0.2ms)[0m  [1m[35mBEGIN[0m
  [1m[35mSQL (3.3ms)[0m  [1m[32mINSERT INTO "contacts" ("first_name", "last_name", "created_at", "updated_at") VALUES ($1, $2, $3, $4) RETURNING "id"[0m  [["first_name", "joe"], ["last_name", "schmo"], ["created_at", 2017-05-02 03:42:09 UTC], ["updated_at", 2017-05-02 03:42:09 UTC]]
  [1m[35m (6.5ms)[0m  [1m[35mCOMMIT[0m
Started GET "/random_num" for ::1 at 2017-05-02 18:58:49 -0700
  [1m[36mActiveRecord::SchemaMigration Load (1.1ms)[0m  [1m[34mSELECT "schema_migrations".* FROM "schema_migrations"[0m
  
ActionController::RoutingError (No route matches [GET] "/random_num"):
  
actionpack (5.0.2) lib/action_dispatch/middleware/debug_exceptions.rb:53:in `call'
web-console (3.5.0) lib/web_console/middleware.rb:135:in `call_app'
web-console (3.5.0) lib/web_console/middleware.rb:28:in `block in call'
web-console (3.5.0) lib/web_console/middleware.rb:18:in `catch'
web-console (3.5.0) lib/web_console/middleware.rb:18:in `call'
actionpack (5.0.2) lib/action_dispatch/middleware/show_exceptions.rb:31:in `call'
railties (5.0.2) lib/rails/rack/logger.rb:36:in `call_app'
railties (5.0.2) lib/rails/rack/logger.rb:24:in `block in call'
activesupport (5.0.2) lib/active_support/tagged_logging.rb:69:in `block in tagged'
activesupport (5.0.2) lib/active_support/tagged_logging.rb:26:in `tagged'
activesupport (5.0.2) lib/active_support/tagged_logging.rb:69:in `tagged'
railties (5.0.2) lib/rails/rack/logger.rb:24:in `call'
sprockets-rails (3.2.0) lib/sprockets/rails/quiet_assets.rb:13:in `call'
actionpack (5.0.2) lib/action_dispatch/middleware/request_id.rb:24:in `call'
rack (2.0.1) lib/rack/method_override.rb:22:in `call'
rack (2.0.1) lib/rack/runtime.rb:22:in `call'
activesupport (5.0.2) lib/active_support/cache/strategy/local_cache_middleware.rb:28:in `call'
actionpack (5.0.2) lib/action_dispatch/middleware/executor.rb:12:in `call'
actionpack (5.0.2) lib/action_dispatch/middleware/static.rb:136:in `call'
rack (2.0.1) lib/rack/sendfile.rb:111:in `call'
railties (5.0.2) lib/rails/engine.rb:522:in `call'
puma (3.8.2) lib/puma/configuration.rb:224:in `call'
puma (3.8.2) lib/puma/server.rb:600:in `handle_request'
puma (3.8.2) lib/puma/server.rb:435:in `process_client'
puma (3.8.2) lib/puma/server.rb:299:in `block in run'
puma (3.8.2) lib/puma/thread_pool.rb:120:in `block in spawn_thread'
  Rendering /Users/ant/.rvm/gems/ruby-2.4.0/gems/actionpack-5.0.2/lib/action_dispatch/middleware/templates/rescues/routing_error.html.erb within rescues/layout
  Rendering /Users/ant/.rvm/gems/ruby-2.4.0/gems/actionpack-5.0.2/lib/action_dispatch/middleware/templates/rescues/_trace.html.erb
  Rendered /Users/ant/.rvm/gems/ruby-2.4.0/gems/actionpack-5.0.2/lib/action_dispatch/middleware/templates/rescues/_trace.html.erb (1.7ms)
  Rendered /Users/ant/.rvm/gems/ruby-2.4.0/gems/actionpack-5.0.2/lib/action_dispatch/middleware/templates/routes/_table.html.erb (16.3ms)
  Rendering /Users/ant/.rvm/gems/ruby-2.4.0/gems/actionpack-5.0.2/lib/action_dispatch/middleware/templates/rescues/_request_and_response.html.erb
  Rendered /Users/ant/.rvm/gems/ruby-2.4.0/gems/actionpack-5.0.2/lib/action_dispatch/middleware/templates/rescues/_request_and_response.html.erb (13.3ms)
  Rendered /Users/ant/.rvm/gems/ruby-2.4.0/gems/actionpack-5.0.2/lib/action_dispatch/middleware/templates/rescues/routing_error.html.erb within rescues/layout (116.4ms)
Started GET "/contact" for ::1 at 2017-05-02 18:58:59 -0700
  
ActionController::RoutingError (No route matches [GET] "/contact"):
  
actionpack (5.0.2) lib/action_dispatch/middleware/debug_exceptions.rb:53:in `call'
web-console (3.5.0) lib/web_console/middleware.rb:135:in `call_app'
web-console (3.5.0) lib/web_console/middleware.rb:28:in `block in call'
web-console (3.5.0) lib/web_console/middleware.rb:18:in `catch'
web-console (3.5.0) lib/web_console/middleware.rb:18:in `call'
actionpack (5.0.2) lib/action_dispatch/middleware/show_exceptions.rb:31:in `call'
railties (5.0.2) lib/rails/rack/logger.rb:36:in `call_app'
railties (5.0.2) lib/rails/rack/logger.rb:24:in `block in call'
activesupport (5.0.2) lib/active_support/tagged_logging.rb:69:in `block in tagged'
activesupport (5.0.2) lib/active_support/tagged_logging.rb:26:in `tagged'
activesupport (5.0.2) lib/active_support/tagged_logging.rb:69:in `tagged'
railties (5.0.2) lib/rails/rack/logger.rb:24:in `call'
sprockets-rails (3.2.0) lib/sprockets/rails/quiet_assets.rb:13:in `call'
actionpack (5.0.2) lib/action_dispatch/middleware/request_id.rb:24:in `call'
rack (2.0.1) lib/rack/method_override.rb:22:in `call'
rack (2.0.1) lib/rack/runtime.rb:22:in `call'
activesupport (5.0.2) lib/active_support/cache/strategy/local_cache_middleware.rb:28:in `call'
actionpack (5.0.2) lib/action_dispatch/middleware/executor.rb:12:in `call'
actionpack (5.0.2) lib/action_dispatch/middleware/static.rb:136:in `call'
rack (2.0.1) lib/rack/sendfile.rb:111:in `call'
railties (5.0.2) lib/rails/engine.rb:522:in `call'
puma (3.8.2) lib/puma/configuration.rb:224:in `call'
puma (3.8.2) lib/puma/server.rb:600:in `handle_request'
puma (3.8.2) lib/puma/server.rb:435:in `process_client'
puma (3.8.2) lib/puma/server.rb:299:in `block in run'
puma (3.8.2) lib/puma/thread_pool.rb:120:in `block in spawn_thread'
  Rendering /Users/ant/.rvm/gems/ruby-2.4.0/gems/actionpack-5.0.2/lib/action_dispatch/middleware/templates/rescues/routing_error.html.erb within rescues/layout
  Rendering /Users/ant/.rvm/gems/ruby-2.4.0/gems/actionpack-5.0.2/lib/action_dispatch/middleware/templates/rescues/_trace.html.erb
  Rendered /Users/ant/.rvm/gems/ruby-2.4.0/gems/actionpack-5.0.2/lib/action_dispatch/middleware/templates/rescues/_trace.html.erb (1.4ms)
  Rendered /Users/ant/.rvm/gems/ruby-2.4.0/gems/actionpack-5.0.2/lib/action_dispatch/middleware/templates/routes/_table.html.erb (1.0ms)
  Rendering /Users/ant/.rvm/gems/ruby-2.4.0/gems/actionpack-5.0.2/lib/action_dispatch/middleware/templates/rescues/_request_and_response.html.erb
  Rendered /Users/ant/.rvm/gems/ruby-2.4.0/gems/actionpack-5.0.2/lib/action_dispatch/middleware/templates/rescues/_request_and_response.html.erb (0.9ms)
  Rendered /Users/ant/.rvm/gems/ruby-2.4.0/gems/actionpack-5.0.2/lib/action_dispatch/middleware/templates/rescues/routing_error.html.erb within rescues/layout (62.6ms)
Started GET "/contacts" for ::1 at 2017-05-02 18:59:04 -0700
  
ActionController::RoutingError (No route matches [GET] "/contacts"):
  
actionpack (5.0.2) lib/action_dispatch/middleware/debug_exceptions.rb:53:in `call'
web-console (3.5.0) lib/web_console/middleware.rb:135:in `call_app'
web-console (3.5.0) lib/web_console/middleware.rb:28:in `block in call'
web-console (3.5.0) lib/web_console/middleware.rb:18:in `catch'
web-console (3.5.0) lib/web_console/middleware.rb:18:in `call'
actionpack (5.0.2) lib/action_dispatch/middleware/show_exceptions.rb:31:in `call'
railties (5.0.2) lib/rails/rack/logger.rb:36:in `call_app'
railties (5.0.2) lib/rails/rack/logger.rb:24:in `block in call'
activesupport (5.0.2) lib/active_support/tagged_logging.rb:69:in `block in tagged'
activesupport (5.0.2) lib/active_support/tagged_logging.rb:26:in `tagged'
activesupport (5.0.2) lib/active_support/tagged_logging.rb:69:in `tagged'
railties (5.0.2) lib/rails/rack/logger.rb:24:in `call'
sprockets-rails (3.2.0) lib/sprockets/rails/quiet_assets.rb:13:in `call'
actionpack (5.0.2) lib/action_dispatch/middleware/request_id.rb:24:in `call'
rack (2.0.1) lib/rack/method_override.rb:22:in `call'
rack (2.0.1) lib/rack/runtime.rb:22:in `call'
activesupport (5.0.2) lib/active_support/cache/strategy/local_cache_middleware.rb:28:in `call'
actionpack (5.0.2) lib/action_dispatch/middleware/executor.rb:12:in `call'
actionpack (5.0.2) lib/action_dispatch/middleware/static.rb:136:in `call'
rack (2.0.1) lib/rack/sendfile.rb:111:in `call'
railties (5.0.2) lib/rails/engine.rb:522:in `call'
puma (3.8.2) lib/puma/configuration.rb:224:in `call'
puma (3.8.2) lib/puma/server.rb:600:in `handle_request'
puma (3.8.2) lib/puma/server.rb:435:in `process_client'
puma (3.8.2) lib/puma/server.rb:299:in `block in run'
puma (3.8.2) lib/puma/thread_pool.rb:120:in `block in spawn_thread'
  Rendering /Users/ant/.rvm/gems/ruby-2.4.0/gems/actionpack-5.0.2/lib/action_dispatch/middleware/templates/rescues/routing_error.html.erb within rescues/layout
  Rendering /Users/ant/.rvm/gems/ruby-2.4.0/gems/actionpack-5.0.2/lib/action_dispatch/middleware/templates/rescues/_trace.html.erb
  Rendered /Users/ant/.rvm/gems/ruby-2.4.0/gems/actionpack-5.0.2/lib/action_dispatch/middleware/templates/rescues/_trace.html.erb (1.3ms)
  Rendered /Users/ant/.rvm/gems/ruby-2.4.0/gems/actionpack-5.0.2/lib/action_dispatch/middleware/templates/routes/_table.html.erb (1.1ms)
  Rendering /Users/ant/.rvm/gems/ruby-2.4.0/gems/actionpack-5.0.2/lib/action_dispatch/middleware/templates/rescues/_request_and_response.html.erb
  Rendered /Users/ant/.rvm/gems/ruby-2.4.0/gems/actionpack-5.0.2/lib/action_dispatch/middleware/templates/rescues/_request_and_response.html.erb (0.9ms)
  Rendered /Users/ant/.rvm/gems/ruby-2.4.0/gems/actionpack-5.0.2/lib/action_dispatch/middleware/templates/rescues/routing_error.html.erb within rescues/layout (60.3ms)
Started GET "/" for ::1 at 2017-05-08 21:07:36 -0700
  [1m[36mActiveRecord::SchemaMigration Load (0.6ms)[0m  [1m[34mSELECT "schema_migrations".* FROM "schema_migrations"[0m
Processing by Rails::WelcomeController#index as HTML
  Parameters: {"internal"=>true}
  Rendering /Users/ant/.rvm/gems/ruby-2.4.0/gems/railties-5.0.2/lib/rails/templates/rails/welcome/index.html.erb
  Rendered /Users/ant/.rvm/gems/ruby-2.4.0/gems/railties-5.0.2/lib/rails/templates/rails/welcome/index.html.erb (8.4ms)
Completed 200 OK in 39ms (Views: 22.8ms | ActiveRecord: 0.0ms)


Started GET "/contacts" for ::1 at 2017-05-08 21:07:55 -0700
Processing by ContactsController#index as HTML
  Rendering contacts/index.html.erb within layouts/application
  [1m[36mContact Load (0.6ms)[0m  [1m[34mSELECT "contacts".* FROM "contacts"[0m
  Rendered contacts/index.html.erb within layouts/application (14.0ms)
Completed 200 OK in 4068ms (Views: 4057.4ms | ActiveRecord: 6.0ms)


Started GET "/contacts/create" for ::1 at 2017-05-08 21:18:47 -0700
Processing by ContactsController#show as HTML
  Parameters: {"id"=>"create"}
  Rendering contacts/show.html.erb within layouts/application
  Rendered contacts/show.html.erb within layouts/application (0.8ms)
Completed 200 OK in 139ms (Views: 138.7ms | ActiveRecord: 0.0ms)


Started GET "/contacts/new" for ::1 at 2017-05-08 21:18:58 -0700
Processing by ContactsController#new as HTML
  Rendering contacts/new.html.erb within layouts/application
  Rendered contacts/new.html.erb within layouts/application (1.2ms)
Completed 200 OK in 65ms (Views: 64.2ms | ActiveRecord: 0.0ms)


Started POST "/contacts" for ::1 at 2017-05-08 21:19:28 -0700
Processing by ContactsController#create as HTML
  Parameters: {"utf8"=>"✓", "authenticity_token"=>"K1e1pzVyROpK9G5Gc6e9k+M5CENxNpRJTAovHetAcEG3MraK0hvVmEl5/+0oYxEcXaSVGmSF8QhRi3swhR/i5g==", "first_name"=>"Anthony", "last_name"=>"Radogna", "email"=>"anthonyheadcase@yahoo.com", "phone_number"=>"510-457-6053"}
  [1m[35m (0.2ms)[0m  [1m[35mBEGIN[0m
  [1m[35mSQL (6.8ms)[0m  [1m[32mINSERT INTO "contacts" ("first_name", "last_name", "email", "phone_number", "created_at", "updated_at") VALUES ($1, $2, $3, $4, $5, $6) RETURNING "id"[0m  [["first_name", "Anthony"], ["last_name", "Radogna"], ["email", "anthonyheadcase@yahoo.com"], ["phone_number", "510-457-6053"], ["created_at", 2017-05-09 04:19:28 UTC], ["updated_at", 2017-05-09 04:19:28 UTC]]
  [1m[35m (1.7ms)[0m  [1m[35mCOMMIT[0m
  Rendering contacts/create.html.erb within layouts/application
  Rendered contacts/create.html.erb within layouts/application (277.5ms)
Completed 500 Internal Server Error in 314ms (ActiveRecord: 15.1ms)


  
ActionView::Template::Error (undefined local variable or method `first_name' for #<#<Class:0x007fbd96d23ec0>:0x007fbd98e59a68>):
    1: <h1>A new contact has been created.</h1>
    2: 
    3: <h2>
    4:   1st name <%= first_name %>
    5: </h2>
  
app/views/contacts/create.html.erb:4:in `_app_views_contacts_create_html_erb___3527022168443550000_70226145362780'
app/controllers/contacts_controller.rb:19:in `create'
  Rendering /Users/ant/.rvm/gems/ruby-2.4.0/gems/actionpack-5.0.2/lib/action_dispatch/middleware/templates/rescues/template_error.html.erb within rescues/layout
  Rendering /Users/ant/.rvm/gems/ruby-2.4.0/gems/actionpack-5.0.2/lib/action_dispatch/middleware/templates/rescues/_source.html.erb
  Rendered /Users/ant/.rvm/gems/ruby-2.4.0/gems/actionpack-5.0.2/lib/action_dispatch/middleware/templates/rescues/_source.html.erb (5.0ms)
  Rendering /Users/ant/.rvm/gems/ruby-2.4.0/gems/actionpack-5.0.2/lib/action_dispatch/middleware/templates/rescues/_trace.html.erb
  Rendered /Users/ant/.rvm/gems/ruby-2.4.0/gems/actionpack-5.0.2/lib/action_dispatch/middleware/templates/rescues/_trace.html.erb (1.8ms)
  Rendering /Users/ant/.rvm/gems/ruby-2.4.0/gems/actionpack-5.0.2/lib/action_dispatch/middleware/templates/rescues/_request_and_response.html.erb
  Rendered /Users/ant/.rvm/gems/ruby-2.4.0/gems/actionpack-5.0.2/lib/action_dispatch/middleware/templates/rescues/_request_and_response.html.erb (1.1ms)
  Rendered /Users/ant/.rvm/gems/ruby-2.4.0/gems/actionpack-5.0.2/lib/action_dispatch/middleware/templates/rescues/template_error.html.erb within rescues/layout (79.0ms)
Started POST "/contacts" for ::1 at 2017-05-08 21:19:54 -0700
Processing by ContactsController#create as HTML
  Parameters: {"utf8"=>"✓", "authenticity_token"=>"K1e1pzVyROpK9G5Gc6e9k+M5CENxNpRJTAovHetAcEG3MraK0hvVmEl5/+0oYxEcXaSVGmSF8QhRi3swhR/i5g==", "first_name"=>"Anthony", "last_name"=>"Radogna", "email"=>"anthonyheadcase@yahoo.com", "phone_number"=>"510-457-6053"}
  [1m[35m (0.1ms)[0m  [1m[35mBEGIN[0m
  [1m[35mSQL (1.3ms)[0m  [1m[32mINSERT INTO "contacts" ("first_name", "last_name", "email", "phone_number", "created_at", "updated_at") VALUES ($1, $2, $3, $4, $5, $6) RETURNING "id"[0m  [["first_name", "Anthony"], ["last_name", "Radogna"], ["email", "anthonyheadcase@yahoo.com"], ["phone_number", "510-457-6053"], ["created_at", 2017-05-09 04:19:54 UTC], ["updated_at", 2017-05-09 04:19:54 UTC]]
  [1m[35m (6.7ms)[0m  [1m[35mCOMMIT[0m
  Rendering contacts/create.html.erb within layouts/application
  Rendered contacts/create.html.erb within layouts/application (0.9ms)
Completed 200 OK in 101ms (Views: 89.6ms | ActiveRecord: 8.1ms)


Started GET "/contacts" for ::1 at 2017-05-08 21:20:15 -0700
Processing by ContactsController#index as HTML
  Rendering contacts/index.html.erb within layouts/application
  [1m[36mContact Load (1.8ms)[0m  [1m[34mSELECT "contacts".* FROM "contacts"[0m
  Rendered contacts/index.html.erb within layouts/application (3.6ms)
Completed 200 OK in 46ms (Views: 44.0ms | ActiveRecord: 1.8ms)


Started GET "/contacts/create" for ::1 at 2017-05-08 21:20:32 -0700
Processing by ContactsController#show as HTML
  Parameters: {"id"=>"create"}
  Rendering contacts/show.html.erb within layouts/application
  Rendered contacts/show.html.erb within layouts/application (0.4ms)
Completed 200 OK in 46ms (Views: 45.1ms | ActiveRecord: 0.0ms)


Started GET "/contacts/new" for ::1 at 2017-05-08 21:20:39 -0700
Processing by ContactsController#new as HTML
  Rendering contacts/new.html.erb within layouts/application
  Rendered contacts/new.html.erb within layouts/application (0.8ms)
Completed 200 OK in 43ms (Views: 42.6ms | ActiveRecord: 0.0ms)


Started POST "/contacts" for ::1 at 2017-05-08 21:21:08 -0700
Processing by ContactsController#create as HTML
  Parameters: {"utf8"=>"✓", "authenticity_token"=>"XDl+tMF9LQL3hSkiqH3uJ5oWwWvwR2hMMHvGztkNScvAXH2ZJhS8cPQIuInzuUKoJItcMuX0DQ0t+pLjt1LbbA==", "first_name"=>"Marky", "last_name"=>"Mark", "email"=>"Whalberg@yahoo.com", "phone_number"=>"555-5555"}
  [1m[35m (0.2ms)[0m  [1m[35mBEGIN[0m
  [1m[35mSQL (0.8ms)[0m  [1m[32mINSERT INTO "contacts" ("first_name", "last_name", "email", "phone_number", "created_at", "updated_at") VALUES ($1, $2, $3, $4, $5, $6) RETURNING "id"[0m  [["first_name", "Marky"], ["last_name", "Mark"], ["email", "Whalberg@yahoo.com"], ["phone_number", "555-5555"], ["created_at", 2017-05-09 04:21:08 UTC], ["updated_at", 2017-05-09 04:21:08 UTC]]
  [1m[35m (12.4ms)[0m  [1m[35mCOMMIT[0m
  Rendering contacts/create.html.erb within layouts/application
  Rendered contacts/create.html.erb within layouts/application (219.6ms)
Completed 500 Internal Server Error in 243ms (ActiveRecord: 13.5ms)


  
ActionView::Template::Error (undefined local variable or method `contact' for #<#<Class:0x007fbd96d23ec0>:0x007fbd98c0a870>
Did you mean?  concat):
    1: <h1>A new contact has been created.</h1>
    2: 
    3: <h2>
    4:   1st name <%= contact.first_name %>
    5: </h2>
  
app/views/contacts/create.html.erb:4:in `_app_views_contacts_create_html_erb___3527022168443550000_70226144152160'
app/controllers/contacts_controller.rb:19:in `create'
  Rendering /Users/ant/.rvm/gems/ruby-2.4.0/gems/actionpack-5.0.2/lib/action_dispatch/middleware/templates/rescues/template_error.html.erb within rescues/layout
  Rendering /Users/ant/.rvm/gems/ruby-2.4.0/gems/actionpack-5.0.2/lib/action_dispatch/middleware/templates/rescues/_source.html.erb
  Rendered /Users/ant/.rvm/gems/ruby-2.4.0/gems/actionpack-5.0.2/lib/action_dispatch/middleware/templates/rescues/_source.html.erb (5.4ms)
  Rendering /Users/ant/.rvm/gems/ruby-2.4.0/gems/actionpack-5.0.2/lib/action_dispatch/middleware/templates/rescues/_trace.html.erb
  Rendered /Users/ant/.rvm/gems/ruby-2.4.0/gems/actionpack-5.0.2/lib/action_dispatch/middleware/templates/rescues/_trace.html.erb (3.6ms)
  Rendering /Users/ant/.rvm/gems/ruby-2.4.0/gems/actionpack-5.0.2/lib/action_dispatch/middleware/templates/rescues/_request_and_response.html.erb
  Rendered /Users/ant/.rvm/gems/ruby-2.4.0/gems/actionpack-5.0.2/lib/action_dispatch/middleware/templates/rescues/_request_and_response.html.erb (1.3ms)
  Rendered /Users/ant/.rvm/gems/ruby-2.4.0/gems/actionpack-5.0.2/lib/action_dispatch/middleware/templates/rescues/template_error.html.erb within rescues/layout (81.8ms)
Started POST "/contacts" for ::1 at 2017-05-08 21:21:49 -0700
Processing by ContactsController#create as HTML
  Parameters: {"utf8"=>"✓", "authenticity_token"=>"XDl+tMF9LQL3hSkiqH3uJ5oWwWvwR2hMMHvGztkNScvAXH2ZJhS8cPQIuInzuUKoJItcMuX0DQ0t+pLjt1LbbA==", "first_name"=>"Marky", "last_name"=>"Mark", "email"=>"Whalberg@yahoo.com", "phone_number"=>"555-5555"}
  [1m[35m (0.2ms)[0m  [1m[35mBEGIN[0m
  [1m[35mSQL (0.3ms)[0m  [1m[32mINSERT INTO "contacts" ("first_name", "last_name", "email", "phone_number", "created_at", "updated_at") VALUES ($1, $2, $3, $4, $5, $6) RETURNING "id"[0m  [["first_name", "Marky"], ["last_name", "Mark"], ["email", "Whalberg@yahoo.com"], ["phone_number", "555-5555"], ["created_at", 2017-05-09 04:21:49 UTC], ["updated_at", 2017-05-09 04:21:49 UTC]]
  [1m[35m (5.7ms)[0m  [1m[35mCOMMIT[0m
  Rendering contacts/create.html.erb within layouts/application
  Rendered contacts/create.html.erb within layouts/application (0.8ms)
Completed 200 OK in 113ms (Views: 84.7ms | ActiveRecord: 10.8ms)


Started GET "/contacts/new" for ::1 at 2017-05-08 21:23:16 -0700
Processing by ContactsController#new as HTML
  Rendering contacts/new.html.erb within layouts/application
  Rendered contacts/new.html.erb within layouts/application (0.7ms)
Completed 200 OK in 67ms (Views: 65.8ms | ActiveRecord: 0.0ms)


Started POST "/contacts" for ::1 at 2017-05-08 21:23:45 -0700
Processing by ContactsController#create as HTML
  Parameters: {"utf8"=>"✓", "authenticity_token"=>"FJZl6UUYV1zL3WovGr+zIr+jmRC5jsTnVE+Gpf94eLWI82bEonHGLshQ+4RBex+tAT4ESaw9oaZJztKIkSfqEg==", "first_name"=>"John", "last_name"=>"Radogna", "email"=>"Graterford Prison", "phone_number"=>"3345-4554"}
  [1m[35m (0.1ms)[0m  [1m[35mBEGIN[0m
  [1m[35mSQL (0.5ms)[0m  [1m[32mINSERT INTO "contacts" ("first_name", "last_name", "email", "phone_number", "created_at", "updated_at") VALUES ($1, $2, $3, $4, $5, $6) RETURNING "id"[0m  [["first_name", "John"], ["last_name", "Radogna"], ["email", "Graterford Prison"], ["phone_number", "3345-4554"], ["created_at", 2017-05-09 04:23:45 UTC], ["updated_at", 2017-05-09 04:23:45 UTC]]
  [1m[35m (6.2ms)[0m  [1m[35mCOMMIT[0m
  Rendering contacts/create.html.erb within layouts/application
  Rendered contacts/create.html.erb within layouts/application (0.6ms)
Completed 200 OK in 63ms (Views: 52.7ms | ActiveRecord: 6.8ms)


Started GET "/contacts/new" for ::1 at 2017-05-08 21:24:53 -0700
Processing by ContactsController#new as HTML
  Rendering contacts/new.html.erb within layouts/application
  Rendered contacts/new.html.erb within layouts/application (0.7ms)
Completed 200 OK in 95ms (Views: 94.7ms | ActiveRecord: 0.0ms)


Started POST "/contacts" for ::1 at 2017-05-08 21:25:28 -0700
Processing by ContactsController#create as HTML
  Parameters: {"utf8"=>"✓", "authenticity_token"=>"zzScueJQyU7BIYKW+GCBHKEGDkWGJjT3iCjdgVV7NlJTUZ+UBTlYPMKsEz2jpC2TH5uTHJOVUbaVqYmsOySk9Q==", "first_name"=>"Sierra", "last_name"=>"Amato", "email"=>"sierraamato@yahoo.com", "phone_number"=>"510-318-1632"}
  [1m[35m (0.3ms)[0m  [1m[35mBEGIN[0m
  [1m[35mSQL (0.4ms)[0m  [1m[32mINSERT INTO "contacts" ("first_name", "last_name", "email", "phone_number", "created_at", "updated_at") VALUES ($1, $2, $3, $4, $5, $6) RETURNING "id"[0m  [["first_name", "Sierra"], ["last_name", "Amato"], ["email", "sierraamato@yahoo.com"], ["phone_number", "510-318-1632"], ["created_at", 2017-05-09 04:25:28 UTC], ["updated_at", 2017-05-09 04:25:28 UTC]]
  [1m[35m (5.3ms)[0m  [1m[35mCOMMIT[0m
  Rendering contacts/create.html.erb within layouts/application
  Rendered contacts/create.html.erb within layouts/application (1.0ms)
Completed 200 OK in 57ms (Views: 47.8ms | ActiveRecord: 6.0ms)


Started GET "/contacts/new" for ::1 at 2017-05-09 14:27:33 -0700
Processing by ContactsController#new as HTML
  Rendering contacts/new.html.erb within layouts/application
  Rendered contacts/new.html.erb within layouts/application (0.7ms)
Completed 200 OK in 101ms (Views: 100.1ms | ActiveRecord: 0.0ms)


Started GET "/contacts" for ::1 at 2017-05-09 14:30:53 -0700
Processing by ContactsController#index as HTML
  Rendering contacts/index.html.erb within layouts/application
  [1m[36mContact Load (1.0ms)[0m  [1m[34mSELECT "contacts".* FROM "contacts"[0m
  Rendered contacts/index.html.erb within layouts/application (16.6ms)
Completed 200 OK in 116ms (Views: 102.9ms | ActiveRecord: 6.4ms)


Started GET "/contacts" for ::1 at 2017-05-09 14:32:14 -0700
Processing by ContactsController#index as HTML
  Rendering contacts/index.html.erb within layouts/application
  [1m[36mContact Load (0.5ms)[0m  [1m[34mSELECT "contacts".* FROM "contacts"[0m
  Rendered contacts/index.html.erb within layouts/application (2.4ms)
Completed 200 OK in 96ms (Views: 94.6ms | ActiveRecord: 0.5ms)


Started GET "/contacts" for ::1 at 2017-05-09 14:32:53 -0700
Processing by ContactsController#index as HTML
  Rendering contacts/index.html.erb within layouts/application
  [1m[36mContact Load (0.4ms)[0m  [1m[34mSELECT "contacts".* FROM "contacts"[0m
  Rendered contacts/index.html.erb within layouts/application (1.7ms)
Completed 200 OK in 52ms (Views: 50.9ms | ActiveRecord: 0.4ms)


Started GET "/contacts" for ::1 at 2017-05-09 14:34:05 -0700
Processing by ContactsController#index as HTML
  Rendering contacts/index.html.erb within layouts/application
  [1m[36mContact Load (0.3ms)[0m  [1m[34mSELECT "contacts".* FROM "contacts"[0m
  Rendered contacts/index.html.erb within layouts/application (1.5ms)
Completed 200 OK in 44ms (Views: 43.0ms | ActiveRecord: 0.3ms)


Started GET "/contacts/show/1" for ::1 at 2017-05-09 14:41:55 -0700
  
ActionController::RoutingError (No route matches [GET] "/contacts/show/1"):
  
actionpack (5.0.2) lib/action_dispatch/middleware/debug_exceptions.rb:53:in `call'
web-console (3.5.0) lib/web_console/middleware.rb:135:in `call_app'
web-console (3.5.0) lib/web_console/middleware.rb:28:in `block in call'
web-console (3.5.0) lib/web_console/middleware.rb:18:in `catch'
web-console (3.5.0) lib/web_console/middleware.rb:18:in `call'
actionpack (5.0.2) lib/action_dispatch/middleware/show_exceptions.rb:31:in `call'
railties (5.0.2) lib/rails/rack/logger.rb:36:in `call_app'
railties (5.0.2) lib/rails/rack/logger.rb:24:in `block in call'
activesupport (5.0.2) lib/active_support/tagged_logging.rb:69:in `block in tagged'
activesupport (5.0.2) lib/active_support/tagged_logging.rb:26:in `tagged'
activesupport (5.0.2) lib/active_support/tagged_logging.rb:69:in `tagged'
railties (5.0.2) lib/rails/rack/logger.rb:24:in `call'
sprockets-rails (3.2.0) lib/sprockets/rails/quiet_assets.rb:13:in `call'
actionpack (5.0.2) lib/action_dispatch/middleware/request_id.rb:24:in `call'
rack (2.0.1) lib/rack/method_override.rb:22:in `call'
rack (2.0.1) lib/rack/runtime.rb:22:in `call'
activesupport (5.0.2) lib/active_support/cache/strategy/local_cache_middleware.rb:28:in `call'
actionpack (5.0.2) lib/action_dispatch/middleware/executor.rb:12:in `call'
actionpack (5.0.2) lib/action_dispatch/middleware/static.rb:136:in `call'
rack (2.0.1) lib/rack/sendfile.rb:111:in `call'
railties (5.0.2) lib/rails/engine.rb:522:in `call'
puma (3.8.2) lib/puma/configuration.rb:224:in `call'
puma (3.8.2) lib/puma/server.rb:600:in `handle_request'
puma (3.8.2) lib/puma/server.rb:435:in `process_client'
puma (3.8.2) lib/puma/server.rb:299:in `block in run'
puma (3.8.2) lib/puma/thread_pool.rb:120:in `block in spawn_thread'
  Rendering /Users/ant/.rvm/gems/ruby-2.4.0/gems/actionpack-5.0.2/lib/action_dispatch/middleware/templates/rescues/routing_error.html.erb within rescues/layout
  Rendering /Users/ant/.rvm/gems/ruby-2.4.0/gems/actionpack-5.0.2/lib/action_dispatch/middleware/templates/rescues/_trace.html.erb
  Rendered /Users/ant/.rvm/gems/ruby-2.4.0/gems/actionpack-5.0.2/lib/action_dispatch/middleware/templates/rescues/_trace.html.erb (1.2ms)
  Rendered collection of /Users/ant/.rvm/gems/ruby-2.4.0/gems/actionpack-5.0.2/lib/action_dispatch/middleware/templates/routes/_route.html.erb [8 times] (3.1ms)
  Rendered /Users/ant/.rvm/gems/ruby-2.4.0/gems/actionpack-5.0.2/lib/action_dispatch/middleware/templates/routes/_table.html.erb (28.8ms)
  Rendering /Users/ant/.rvm/gems/ruby-2.4.0/gems/actionpack-5.0.2/lib/action_dispatch/middleware/templates/rescues/_request_and_response.html.erb
  Rendered /Users/ant/.rvm/gems/ruby-2.4.0/gems/actionpack-5.0.2/lib/action_dispatch/middleware/templates/rescues/_request_and_response.html.erb (1.2ms)
  Rendered /Users/ant/.rvm/gems/ruby-2.4.0/gems/actionpack-5.0.2/lib/action_dispatch/middleware/templates/rescues/routing_error.html.erb within rescues/layout (127.7ms)
Started GET "/contacts/1" for ::1 at 2017-05-09 14:42:19 -0700
Processing by ContactsController#show as HTML
  Parameters: {"id"=>"1"}
  [1m[36mContact Load (0.3ms)[0m  [1m[34mSELECT  "contacts".* FROM "contacts" WHERE "contacts"."id" = $1 LIMIT $2[0m  [["id", 1], ["LIMIT", 1]]
  Rendering contacts/show.html.erb within layouts/application
  Rendered contacts/show.html.erb within layouts/application (0.8ms)
Completed 200 OK in 79ms (Views: 56.8ms | ActiveRecord: 4.5ms)


Started GET "/contacts/2" for ::1 at 2017-05-09 14:42:43 -0700
Processing by ContactsController#show as HTML
  Parameters: {"id"=>"2"}
  [1m[36mContact Load (0.4ms)[0m  [1m[34mSELECT  "contacts".* FROM "contacts" WHERE "contacts"."id" = $1 LIMIT $2[0m  [["id", 2], ["LIMIT", 1]]
  Rendering contacts/show.html.erb within layouts/application
  Rendered contacts/show.html.erb within layouts/application (0.6ms)
Completed 200 OK in 56ms (Views: 53.9ms | ActiveRecord: 0.7ms)


Started GET "/contacts/3" for ::1 at 2017-05-09 14:42:51 -0700
Processing by ContactsController#show as HTML
  Parameters: {"id"=>"3"}
  [1m[36mContact Load (0.2ms)[0m  [1m[34mSELECT  "contacts".* FROM "contacts" WHERE "contacts"."id" = $1 LIMIT $2[0m  [["id", 3], ["LIMIT", 1]]
  Rendering contacts/show.html.erb within layouts/application
  Rendered contacts/show.html.erb within layouts/application (0.5ms)
Completed 200 OK in 51ms (Views: 49.6ms | ActiveRecord: 0.4ms)


Started GET "/contacts/3/edit" for ::1 at 2017-05-09 14:48:28 -0700
Processing by ContactsController#edit as HTML
  Parameters: {"id"=>"3"}
  [1m[36mContact Load (0.3ms)[0m  [1m[34mSELECT  "contacts".* FROM "contacts" WHERE "contacts"."id" = $1 LIMIT $2[0m  [["id", 3], ["LIMIT", 1]]
  Rendering contacts/edit.html.erb within layouts/application
  Rendered contacts/edit.html.erb within layouts/application (232.7ms)
Completed 500 Internal Server Error in 251ms (ActiveRecord: 0.3ms)


  
ActionView::Template::Error (undefined local variable or method `contact' for #<#<Class:0x007fbd989f0710>:0x007fbd989e9ac8>
Did you mean?  @contact
               concat):
    1: <%= form_tag "/contacts/#{contact.id}", method: :patch do %>
    2:  <div>
    3:    First Name: <input type="text" name="first_name">
    4:  </div>
  
app/views/contacts/edit.html.erb:1:in `_app_views_contacts_edit_html_erb___3494789020320501743_70226143024460'
app/controllers/contacts_controller.rb:29:in `edit'
  Rendering /Users/ant/.rvm/gems/ruby-2.4.0/gems/actionpack-5.0.2/lib/action_dispatch/middleware/templates/rescues/template_error.html.erb within rescues/layout
  Rendering /Users/ant/.rvm/gems/ruby-2.4.0/gems/actionpack-5.0.2/lib/action_dispatch/middleware/templates/rescues/_source.html.erb
  Rendered /Users/ant/.rvm/gems/ruby-2.4.0/gems/actionpack-5.0.2/lib/action_dispatch/middleware/templates/rescues/_source.html.erb (12.1ms)
  Rendering /Users/ant/.rvm/gems/ruby-2.4.0/gems/actionpack-5.0.2/lib/action_dispatch/middleware/templates/rescues/_trace.html.erb
  Rendered /Users/ant/.rvm/gems/ruby-2.4.0/gems/actionpack-5.0.2/lib/action_dispatch/middleware/templates/rescues/_trace.html.erb (2.2ms)
  Rendering /Users/ant/.rvm/gems/ruby-2.4.0/gems/actionpack-5.0.2/lib/action_dispatch/middleware/templates/rescues/_request_and_response.html.erb
  Rendered /Users/ant/.rvm/gems/ruby-2.4.0/gems/actionpack-5.0.2/lib/action_dispatch/middleware/templates/rescues/_request_and_response.html.erb (1.0ms)
  Rendered /Users/ant/.rvm/gems/ruby-2.4.0/gems/actionpack-5.0.2/lib/action_dispatch/middleware/templates/rescues/template_error.html.erb within rescues/layout (95.0ms)
Started GET "/contacts/3/edit" for ::1 at 2017-05-09 14:49:03 -0700
Processing by ContactsController#edit as HTML
  Parameters: {"id"=>"3"}
  [1m[36mContact Load (0.3ms)[0m  [1m[34mSELECT  "contacts".* FROM "contacts" WHERE "contacts"."id" = $1 LIMIT $2[0m  [["id", 3], ["LIMIT", 1]]
  Rendering contacts/edit.html.erb within layouts/application
  Rendered contacts/edit.html.erb within layouts/application (0.7ms)
Completed 200 OK in 59ms (Views: 57.0ms | ActiveRecord: 0.3ms)


Started GET "/contacts/3/edit" for ::1 at 2017-05-09 14:54:15 -0700
Processing by ContactsController#edit as HTML
  Parameters: {"id"=>"3"}
  [1m[36mContact Load (0.5ms)[0m  [1m[34mSELECT  "contacts".* FROM "contacts" WHERE "contacts"."id" = $1 LIMIT $2[0m  [["id", 3], ["LIMIT", 1]]
  Rendering contacts/edit.html.erb within layouts/application
  Rendered contacts/edit.html.erb within layouts/application (0.9ms)
Completed 200 OK in 57ms (Views: 54.6ms | ActiveRecord: 0.5ms)


Started PATCH "/contacts/3" for ::1 at 2017-05-09 14:56:20 -0700
Processing by ContactsController#update as HTML
  Parameters: {"utf8"=>"✓", "authenticity_token"=>"1XY7YCqVQOfrOo/ugieWvJTiZywNY/iMTLumLYEDzB9JEzhNzfzRlei3HkXZ4zozKn/6dRjQnc1ROvIA71xeuA==", "first_name"=>"Franl", "last_name"=>"Radogna", "email"=>"", "phone_number"=>"", "id"=>"3"}
  [1m[36mContact Load (0.3ms)[0m  [1m[34mSELECT "contacts".* FROM "contacts"[0m
  [1m[35m (0.1ms)[0m  [1m[35mBEGIN[0m
  [1m[35mSQL (0.7ms)[0m  [1m[33mUPDATE "contacts" SET "first_name" = $1, "last_name" = $2, "email" = $3, "phone_number" = $4, "updated_at" = $5 WHERE "contacts"."id" = $6[0m  [["first_name", "Franl"], ["last_name", "Radogna"], ["email", ""], ["phone_number", ""], ["updated_at", 2017-05-09 21:56:20 UTC], ["id", 1]]
  [1m[35m (5.8ms)[0m  [1m[35mCOMMIT[0m
  [1m[35m (0.2ms)[0m  [1m[35mBEGIN[0m
  [1m[35mSQL (0.4ms)[0m  [1m[33mUPDATE "contacts" SET "first_name" = $1, "email" = $2, "phone_number" = $3, "updated_at" = $4 WHERE "contacts"."id" = $5[0m  [["first_name", "Franl"], ["email", ""], ["phone_number", ""], ["updated_at", 2017-05-09 21:56:20 UTC], ["id", 2]]
  [1m[35m (6.2ms)[0m  [1m[35mCOMMIT[0m
  [1m[35m (0.2ms)[0m  [1m[35mBEGIN[0m
  [1m[35mSQL (0.7ms)[0m  [1m[33mUPDATE "contacts" SET "first_name" = $1, "email" = $2, "phone_number" = $3, "updated_at" = $4 WHERE "contacts"."id" = $5[0m  [["first_name", "Franl"], ["email", ""], ["phone_number", ""], ["updated_at", 2017-05-09 21:56:20 UTC], ["id", 3]]
  [1m[35m (1.4ms)[0m  [1m[35mCOMMIT[0m
  [1m[35m (0.2ms)[0m  [1m[35mBEGIN[0m
  [1m[35mSQL (0.5ms)[0m  [1m[33mUPDATE "contacts" SET "first_name" = $1, "last_name" = $2, "email" = $3, "phone_number" = $4, "updated_at" = $5 WHERE "contacts"."id" = $6[0m  [["first_name", "Franl"], ["last_name", "Radogna"], ["email", ""], ["phone_number", ""], ["updated_at", 2017-05-09 21:56:20 UTC], ["id", 4]]
  [1m[35m (1.4ms)[0m  [1m[35mCOMMIT[0m
  [1m[35m (0.1ms)[0m  [1m[35mBEGIN[0m
  [1m[35mSQL (0.4ms)[0m  [1m[33mUPDATE "contacts" SET "first_name" = $1, "last_name" = $2, "email" = $3, "phone_number" = $4, "updated_at" = $5 WHERE "contacts"."id" = $6[0m  [["first_name", "Franl"], ["last_name", "Radogna"], ["email", ""], ["phone_number", ""], ["updated_at", 2017-05-09 21:56:20 UTC], ["id", 5]]
  [1m[35m (1.2ms)[0m  [1m[35mCOMMIT[0m
  [1m[35m (0.1ms)[0m  [1m[35mBEGIN[0m
  [1m[35mSQL (0.4ms)[0m  [1m[33mUPDATE "contacts" SET "first_name" = $1, "email" = $2, "phone_number" = $3, "updated_at" = $4 WHERE "contacts"."id" = $5[0m  [["first_name", "Franl"], ["email", ""], ["phone_number", ""], ["updated_at", 2017-05-09 21:56:20 UTC], ["id", 6]]
  [1m[35m (1.3ms)[0m  [1m[35mCOMMIT[0m
  [1m[35m (0.1ms)[0m  [1m[35mBEGIN[0m
  [1m[35mSQL (0.3ms)[0m  [1m[33mUPDATE "contacts" SET "first_name" = $1, "last_name" = $2, "email" = $3, "phone_number" = $4, "updated_at" = $5 WHERE "contacts"."id" = $6[0m  [["first_name", "Franl"], ["last_name", "Radogna"], ["email", ""], ["phone_number", ""], ["updated_at", 2017-05-09 21:56:20 UTC], ["id", 7]]
  [1m[35m (1.3ms)[0m  [1m[35mCOMMIT[0m
  Rendering contacts/update.html.erb within layouts/application
  Rendered contacts/update.html.erb within layouts/application (0.4ms)
Completed 200 OK in 91ms (Views: 48.2ms | ActiveRecord: 23.4ms)


Started GET "/contacts/1/edit" for ::1 at 2017-05-09 14:58:52 -0700
Processing by ContactsController#edit as HTML
  Parameters: {"id"=>"1"}
  [1m[36mContact Load (0.4ms)[0m  [1m[34mSELECT  "contacts".* FROM "contacts" WHERE "contacts"."id" = $1 LIMIT $2[0m  [["id", 1], ["LIMIT", 1]]
  Rendering contacts/edit.html.erb within layouts/application
  Rendered contacts/edit.html.erb within layouts/application (2.2ms)
Completed 200 OK in 96ms (Views: 94.4ms | ActiveRecord: 0.4ms)


Started PATCH "/contacts/1" for ::1 at 2017-05-09 14:58:58 -0700
Processing by ContactsController#update as HTML
  Parameters: {"utf8"=>"✓", "authenticity_token"=>"RmzIaNh/3ADG0o1NqFYroFtJSyuFGIrYuhY2o9QHJCvaCctFPxZNcsVfHObzkocv5dTWcpCr75mnl2KOuli2jA==", "first_name"=>"Frank", "last_name"=>"Radogna", "email"=>"", "phone_number"=>"", "id"=>"1"}
  [1m[36mContact Load (0.7ms)[0m  [1m[34mSELECT "contacts".* FROM "contacts"[0m
  [1m[35m (0.2ms)[0m  [1m[35mBEGIN[0m
  [1m[35mSQL (0.5ms)[0m  [1m[33mUPDATE "contacts" SET "first_name" = $1, "updated_at" = $2 WHERE "contacts"."id" = $3[0m  [["first_name", "Frank"], ["updated_at", 2017-05-09 21:58:58 UTC], ["id", 1]]
  [1m[35m (5.8ms)[0m  [1m[35mCOMMIT[0m
  [1m[35m (0.2ms)[0m  [1m[35mBEGIN[0m
  [1m[35mSQL (0.6ms)[0m  [1m[33mUPDATE "contacts" SET "first_name" = $1, "updated_at" = $2 WHERE "contacts"."id" = $3[0m  [["first_name", "Frank"], ["updated_at", 2017-05-09 21:58:58 UTC], ["id", 2]]
  [1m[35m (1.4ms)[0m  [1m[35mCOMMIT[0m
  [1m[35m (0.2ms)[0m  [1m[35mBEGIN[0m
  [1m[35mSQL (0.8ms)[0m  [1m[33mUPDATE "contacts" SET "first_name" = $1, "updated_at" = $2 WHERE "contacts"."id" = $3[0m  [["first_name", "Frank"], ["updated_at", 2017-05-09 21:58:58 UTC], ["id", 3]]
  [1m[35m (1.7ms)[0m  [1m[35mCOMMIT[0m
  [1m[35m (0.2ms)[0m  [1m[35mBEGIN[0m
  [1m[35mSQL (0.5ms)[0m  [1m[33mUPDATE "contacts" SET "first_name" = $1, "updated_at" = $2 WHERE "contacts"."id" = $3[0m  [["first_name", "Frank"], ["updated_at", 2017-05-09 21:58:58 UTC], ["id", 4]]
  [1m[35m (1.4ms)[0m  [1m[35mCOMMIT[0m
  [1m[35m (0.1ms)[0m  [1m[35mBEGIN[0m
  [1m[35mSQL (0.4ms)[0m  [1m[33mUPDATE "contacts" SET "first_name" = $1, "updated_at" = $2 WHERE "contacts"."id" = $3[0m  [["first_name", "Frank"], ["updated_at", 2017-05-09 21:58:58 UTC], ["id", 5]]
  [1m[35m (1.3ms)[0m  [1m[35mCOMMIT[0m
  [1m[35m (0.2ms)[0m  [1m[35mBEGIN[0m
  [1m[35mSQL (0.3ms)[0m  [1m[33mUPDATE "contacts" SET "first_name" = $1, "updated_at" = $2 WHERE "contacts"."id" = $3[0m  [["first_name", "Frank"], ["updated_at", 2017-05-09 21:58:58 UTC], ["id", 6]]
  [1m[35m (1.1ms)[0m  [1m[35mCOMMIT[0m
  [1m[35m (0.1ms)[0m  [1m[35mBEGIN[0m
  [1m[35mSQL (0.6ms)[0m  [1m[33mUPDATE "contacts" SET "first_name" = $1, "updated_at" = $2 WHERE "contacts"."id" = $3[0m  [["first_name", "Frank"], ["updated_at", 2017-05-09 21:58:58 UTC], ["id", 7]]
  [1m[35m (1.2ms)[0m  [1m[35mCOMMIT[0m
  Rendering contacts/update.html.erb within layouts/application
  Rendered contacts/update.html.erb within layouts/application (0.4ms)
Completed 200 OK in 88ms (Views: 48.1ms | ActiveRecord: 19.5ms)


Started GET "/contacts/1/edit" for ::1 at 2017-05-09 15:00:26 -0700
Processing by ContactsController#edit as HTML
  Parameters: {"id"=>"1"}
  [1m[36mContact Load (0.3ms)[0m  [1m[34mSELECT  "contacts".* FROM "contacts" WHERE "contacts"."id" = $1 LIMIT $2[0m  [["id", 1], ["LIMIT", 1]]
  Rendering contacts/edit.html.erb within layouts/application
  Rendered contacts/edit.html.erb within layouts/application (1.3ms)
Completed 200 OK in 137ms (Views: 119.9ms | ActiveRecord: 2.9ms)


Started PATCH "/contacts/1" for ::1 at 2017-05-09 15:00:37 -0700
Processing by ContactsController#update as HTML
  Parameters: {"utf8"=>"✓", "authenticity_token"=>"Q0jiYbdMAU+na3rQo7KI/QLyn2zCwylUEgBHlI5N0nDfLeFMUCWQPaTm63v4diRyvG8CNddwTBUPgRO54BJA1w==", "first_name"=>"Franklin", "last_name"=>"Radogna", "email"=>"", "phone_number"=>"", "id"=>"1"}
  [1m[36mContact Load (0.3ms)[0m  [1m[34mSELECT  "contacts".* FROM "contacts" WHERE "contacts"."id" = $1 LIMIT $2[0m  [["id", 1], ["LIMIT", 1]]
Completed 500 Internal Server Error in 150ms (ActiveRecord: 0.3ms)


  
NameError (undefined local variable or method `contact' for #<ContactsController:0x007fbd98e735f8>
Did you mean?  @contact):
  
app/controllers/contacts_controller.rb:34:in `update'
  Rendering /Users/ant/.rvm/gems/ruby-2.4.0/gems/actionpack-5.0.2/lib/action_dispatch/middleware/templates/rescues/diagnostics.html.erb within rescues/layout
  Rendering /Users/ant/.rvm/gems/ruby-2.4.0/gems/actionpack-5.0.2/lib/action_dispatch/middleware/templates/rescues/_source.html.erb
  Rendered /Users/ant/.rvm/gems/ruby-2.4.0/gems/actionpack-5.0.2/lib/action_dispatch/middleware/templates/rescues/_source.html.erb (5.4ms)
  Rendering /Users/ant/.rvm/gems/ruby-2.4.0/gems/actionpack-5.0.2/lib/action_dispatch/middleware/templates/rescues/_trace.html.erb
  Rendered /Users/ant/.rvm/gems/ruby-2.4.0/gems/actionpack-5.0.2/lib/action_dispatch/middleware/templates/rescues/_trace.html.erb (2.2ms)
  Rendering /Users/ant/.rvm/gems/ruby-2.4.0/gems/actionpack-5.0.2/lib/action_dispatch/middleware/templates/rescues/_request_and_response.html.erb
  Rendered /Users/ant/.rvm/gems/ruby-2.4.0/gems/actionpack-5.0.2/lib/action_dispatch/middleware/templates/rescues/_request_and_response.html.erb (2.2ms)
  Rendered /Users/ant/.rvm/gems/ruby-2.4.0/gems/actionpack-5.0.2/lib/action_dispatch/middleware/templates/rescues/diagnostics.html.erb within rescues/layout (173.1ms)
Started GET "/contacts/1/edit" for ::1 at 2017-05-09 15:01:15 -0700
Processing by ContactsController#edit as HTML
  Parameters: {"id"=>"1"}
  [1m[36mContact Load (0.6ms)[0m  [1m[34mSELECT  "contacts".* FROM "contacts" WHERE "contacts"."id" = $1 LIMIT $2[0m  [["id", 1], ["LIMIT", 1]]
  Rendering contacts/edit.html.erb within layouts/application
  Rendered contacts/edit.html.erb within layouts/application (1.5ms)
Completed 200 OK in 114ms (Views: 95.1ms | ActiveRecord: 0.6ms)


Started PATCH "/contacts/1" for ::1 at 2017-05-09 15:01:18 -0700
Processing by ContactsController#update as HTML
  Parameters: {"utf8"=>"✓", "authenticity_token"=>"KknvHgi/K8rh2tee2sWmpsoEPR61kY+eibdqk7TgcOC2LOwz79a6uOJXRjWBAQopdJmgR6Ai6t+UNj6+2r/iRw==", "first_name"=>"Frank", "last_name"=>"Radogna", "email"=>"", "phone_number"=>"", "id"=>"1"}
  [1m[36mContact Load (0.3ms)[0m  [1m[34mSELECT  "contacts".* FROM "contacts" WHERE "contacts"."id" = $1 LIMIT $2[0m  [["id", 1], ["LIMIT", 1]]
  [1m[35m (0.1ms)[0m  [1m[35mBEGIN[0m
  [1m[35m (0.2ms)[0m  [1m[35mCOMMIT[0m
  Rendering contacts/update.html.erb within layouts/application
  Rendered contacts/update.html.erb within layouts/application (0.4ms)
Completed 200 OK in 48ms (Views: 45.2ms | ActiveRecord: 0.6ms)


Started GET "/contacts/1/edit" for ::1 at 2017-05-09 15:01:50 -0700
Processing by ContactsController#edit as HTML
  Parameters: {"id"=>"1"}
  [1m[36mContact Load (0.4ms)[0m  [1m[34mSELECT  "contacts".* FROM "contacts" WHERE "contacts"."id" = $1 LIMIT $2[0m  [["id", 1], ["LIMIT", 1]]
  Rendering contacts/edit.html.erb within layouts/application
  Rendered contacts/edit.html.erb within layouts/application (1.0ms)
Completed 200 OK in 52ms (Views: 50.6ms | ActiveRecord: 0.4ms)


Started PATCH "/contacts/1" for ::1 at 2017-05-09 15:01:57 -0700
Processing by ContactsController#update as HTML
  Parameters: {"utf8"=>"✓", "authenticity_token"=>"eCqx3xuJKfSGXYFX94ZfM+lU2aBVtQRMqUtg8SerIeXkT7Ly/OC4hoXQEPysQvO8V8lE+UAGYQ20yjTcSfSzQg==", "first_name"=>"Franklin", "last_name"=>"Radogna", "email"=>"", "phone_number"=>"", "id"=>"1"}
  [1m[36mContact Load (0.3ms)[0m  [1m[34mSELECT  "contacts".* FROM "contacts" WHERE "contacts"."id" = $1 LIMIT $2[0m  [["id", 1], ["LIMIT", 1]]
  [1m[35m (0.2ms)[0m  [1m[35mBEGIN[0m
  [1m[35mSQL (0.4ms)[0m  [1m[33mUPDATE "contacts" SET "first_name" = $1, "updated_at" = $2 WHERE "contacts"."id" = $3[0m  [["first_name", "Franklin"], ["updated_at", 2017-05-09 22:01:57 UTC], ["id", 1]]
  [1m[35m (6.0ms)[0m  [1m[35mCOMMIT[0m
  Rendering contacts/update.html.erb within layouts/application
  Rendered contacts/update.html.erb within layouts/application (0.4ms)
Completed 200 OK in 72ms (Views: 61.5ms | ActiveRecord: 6.9ms)


Started GET "/contacts/2/edit" for ::1 at 2017-05-09 15:02:26 -0700
Processing by ContactsController#edit as HTML
  Parameters: {"id"=>"2"}
  [1m[36mContact Load (0.5ms)[0m  [1m[34mSELECT  "contacts".* FROM "contacts" WHERE "contacts"."id" = $1 LIMIT $2[0m  [["id", 2], ["LIMIT", 1]]
  Rendering contacts/edit.html.erb within layouts/application
  Rendered contacts/edit.html.erb within layouts/application (1.0ms)
Completed 200 OK in 83ms (Views: 80.3ms | ActiveRecord: 0.5ms)


Started PATCH "/contacts/2" for ::1 at 2017-05-09 15:02:44 -0700
Processing by ContactsController#update as HTML
  Parameters: {"utf8"=>"✓", "authenticity_token"=>"rnUPg+kw+eRrrpMJ6+e79MKEL5omOx2A3GCXFyK1IvEyEAyuDllolmgjAqKwIxd7fBmywzOIeMHB4cM6TOqwVg==", "first_name"=>"Anthony", "last_name"=>"Radogna", "email"=>"anthonyheadcase@yahoo.com", "phone_number"=>"510-457-6053", "id"=>"2"}
  [1m[36mContact Load (0.4ms)[0m  [1m[34mSELECT  "contacts".* FROM "contacts" WHERE "contacts"."id" = $1 LIMIT $2[0m  [["id", 2], ["LIMIT", 1]]
  [1m[35m (0.1ms)[0m  [1m[35mBEGIN[0m
  [1m[35mSQL (0.4ms)[0m  [1m[33mUPDATE "contacts" SET "first_name" = $1, "email" = $2, "phone_number" = $3, "updated_at" = $4 WHERE "contacts"."id" = $5[0m  [["first_name", "Anthony"], ["email", "anthonyheadcase@yahoo.com"], ["phone_number", "510-457-6053"], ["updated_at", 2017-05-09 22:02:44 UTC], ["id", 2]]
  [1m[35m (6.0ms)[0m  [1m[35mCOMMIT[0m
  Rendering contacts/update.html.erb within layouts/application
  Rendered contacts/update.html.erb within layouts/application (0.7ms)
Completed 200 OK in 60ms (Views: 48.8ms | ActiveRecord: 6.8ms)


Started GET "/contacts/3/edit" for ::1 at 2017-05-09 15:03:14 -0700
Processing by ContactsController#edit as HTML
  Parameters: {"id"=>"3"}
  [1m[36mContact Load (0.3ms)[0m  [1m[34mSELECT  "contacts".* FROM "contacts" WHERE "contacts"."id" = $1 LIMIT $2[0m  [["id", 3], ["LIMIT", 1]]
  Rendering contacts/edit.html.erb within layouts/application
  Rendered contacts/edit.html.erb within layouts/application (0.8ms)
Completed 200 OK in 51ms (Views: 49.9ms | ActiveRecord: 0.3ms)


Started PATCH "/contacts/3" for ::1 at 2017-05-09 15:03:57 -0700
Processing by ContactsController#update as HTML
  Parameters: {"utf8"=>"✓", "authenticity_token"=>"D4aw2XY+xLE8EKCjsNftxWtSKH1zlHRT4OlRGg3qfxqT47P0kVdVwz+dMQjrE0FK1c+1JGYnERL9aAU3Y7XtvQ==", "first_name"=>"John", "last_name"=>"Radogna", "email"=>"convict@graterfordprison.com", "phone_number"=>"no number", "id"=>"3"}
  [1m[36mContact Load (0.4ms)[0m  [1m[34mSELECT  "contacts".* FROM "contacts" WHERE "contacts"."id" = $1 LIMIT $2[0m  [["id", 3], ["LIMIT", 1]]
  [1m[35m (0.1ms)[0m  [1m[35mBEGIN[0m
  [1m[35mSQL (0.4ms)[0m  [1m[33mUPDATE "contacts" SET "first_name" = $1, "email" = $2, "phone_number" = $3, "updated_at" = $4 WHERE "contacts"."id" = $5[0m  [["first_name", "John"], ["email", "convict@graterfordprison.com"], ["phone_number", "no number"], ["updated_at", 2017-05-09 22:03:57 UTC], ["id", 3]]
  [1m[35m (5.8ms)[0m  [1m[35mCOMMIT[0m
  Rendering contacts/update.html.erb within layouts/application
  Rendered contacts/update.html.erb within layouts/application (0.4ms)
Completed 200 OK in 67ms (Views: 56.3ms | ActiveRecord: 6.8ms)


Started GET "/contacts/4/edit" for ::1 at 2017-05-09 15:04:19 -0700
Processing by ContactsController#edit as HTML
  Parameters: {"id"=>"4"}
  [1m[36mContact Load (0.4ms)[0m  [1m[34mSELECT  "contacts".* FROM "contacts" WHERE "contacts"."id" = $1 LIMIT $2[0m  [["id", 4], ["LIMIT", 1]]
  Rendering contacts/edit.html.erb within layouts/application
  Rendered contacts/edit.html.erb within layouts/application (1.2ms)
Completed 200 OK in 91ms (Views: 89.5ms | ActiveRecord: 0.4ms)


Started PATCH "/contacts/4" for ::1 at 2017-05-09 15:05:10 -0700
Processing by ContactsController#update as HTML
  Parameters: {"utf8"=>"✓", "authenticity_token"=>"1JEZaiR1Nt0Xdrcdfj9xBs5DxJ7n2jqfJTSs0Q7Ms0tI9BpHwxynrxT7JrYl+92JcN5Zx/JpX944tfj8YJMh7A==", "first_name"=>"Maddog", "last_name"=>"Radogna", "email"=>"donor@deadbeatdad.com", "phone_number"=>"666", "id"=>"4"}
  [1m[36mContact Load (0.3ms)[0m  [1m[34mSELECT  "contacts".* FROM "contacts" WHERE "contacts"."id" = $1 LIMIT $2[0m  [["id", 4], ["LIMIT", 1]]
  [1m[35m (0.2ms)[0m  [1m[35mBEGIN[0m
  [1m[35mSQL (0.4ms)[0m  [1m[33mUPDATE "contacts" SET "first_name" = $1, "email" = $2, "phone_number" = $3, "updated_at" = $4 WHERE "contacts"."id" = $5[0m  [["first_name", "Maddog"], ["email", "donor@deadbeatdad.com"], ["phone_number", "666"], ["updated_at", 2017-05-09 22:05:10 UTC], ["id", 4]]
  [1m[35m (5.5ms)[0m  [1m[35mCOMMIT[0m
  Rendering contacts/update.html.erb within layouts/application
  Rendered contacts/update.html.erb within layouts/application (0.7ms)
Completed 200 OK in 79ms (Views: 69.1ms | ActiveRecord: 6.3ms)


Started GET "/contacts/5/edit" for ::1 at 2017-05-09 15:05:21 -0700
Processing by ContactsController#edit as HTML
  Parameters: {"id"=>"5"}
  [1m[36mContact Load (0.3ms)[0m  [1m[34mSELECT  "contacts".* FROM "contacts" WHERE "contacts"."id" = $1 LIMIT $2[0m  [["id", 5], ["LIMIT", 1]]
  Rendering contacts/edit.html.erb within layouts/application
  Rendered contacts/edit.html.erb within layouts/application (1.2ms)
Completed 200 OK in 61ms (Views: 59.0ms | ActiveRecord: 0.3ms)


Started PATCH "/contacts/5" for ::1 at 2017-05-09 15:06:09 -0700
Processing by ContactsController#update as HTML
  Parameters: {"utf8"=>"✓", "authenticity_token"=>"WbleMpITEkf475cJvJQ3vr6n+YwTFHiHqdPOlyfKLQLF3F0fdXqDNftiBqLnUJsxADpk1QanHca0Upq6SZW/pQ==", "first_name"=>"Pam", "last_name"=>"Radogna", "email"=>"grammypammy@yahoo.com", "phone_number"=>"610-496-3732", "id"=>"5"}
  [1m[36mContact Load (6.3ms)[0m  [1m[34mSELECT  "contacts".* FROM "contacts" WHERE "contacts"."id" = $1 LIMIT $2[0m  [["id", 5], ["LIMIT", 1]]
  [1m[35m (0.1ms)[0m  [1m[35mBEGIN[0m
  [1m[35mSQL (0.4ms)[0m  [1m[33mUPDATE "contacts" SET "first_name" = $1, "email" = $2, "phone_number" = $3, "updated_at" = $4 WHERE "contacts"."id" = $5[0m  [["first_name", "Pam"], ["email", "grammypammy@yahoo.com"], ["phone_number", "610-496-3732"], ["updated_at", 2017-05-09 22:06:09 UTC], ["id", 5]]
  [1m[35m (6.1ms)[0m  [1m[35mCOMMIT[0m
  Rendering contacts/update.html.erb within layouts/application
  Rendered contacts/update.html.erb within layouts/application (0.5ms)
Completed 200 OK in 104ms (Views: 87.0ms | ActiveRecord: 12.9ms)


Started GET "/contacts/6/destroy" for ::1 at 2017-05-09 15:10:36 -0700
  
ActionController::RoutingError (No route matches [GET] "/contacts/6/destroy"):
  
actionpack (5.0.2) lib/action_dispatch/middleware/debug_exceptions.rb:53:in `call'
web-console (3.5.0) lib/web_console/middleware.rb:135:in `call_app'
web-console (3.5.0) lib/web_console/middleware.rb:28:in `block in call'
web-console (3.5.0) lib/web_console/middleware.rb:18:in `catch'
web-console (3.5.0) lib/web_console/middleware.rb:18:in `call'
actionpack (5.0.2) lib/action_dispatch/middleware/show_exceptions.rb:31:in `call'
railties (5.0.2) lib/rails/rack/logger.rb:36:in `call_app'
railties (5.0.2) lib/rails/rack/logger.rb:24:in `block in call'
activesupport (5.0.2) lib/active_support/tagged_logging.rb:69:in `block in tagged'
activesupport (5.0.2) lib/active_support/tagged_logging.rb:26:in `tagged'
activesupport (5.0.2) lib/active_support/tagged_logging.rb:69:in `tagged'
railties (5.0.2) lib/rails/rack/logger.rb:24:in `call'
sprockets-rails (3.2.0) lib/sprockets/rails/quiet_assets.rb:13:in `call'
actionpack (5.0.2) lib/action_dispatch/middleware/request_id.rb:24:in `call'
rack (2.0.1) lib/rack/method_override.rb:22:in `call'
rack (2.0.1) lib/rack/runtime.rb:22:in `call'
activesupport (5.0.2) lib/active_support/cache/strategy/local_cache_middleware.rb:28:in `call'
actionpack (5.0.2) lib/action_dispatch/middleware/executor.rb:12:in `call'
actionpack (5.0.2) lib/action_dispatch/middleware/static.rb:136:in `call'
rack (2.0.1) lib/rack/sendfile.rb:111:in `call'
railties (5.0.2) lib/rails/engine.rb:522:in `call'
puma (3.8.2) lib/puma/configuration.rb:224:in `call'
puma (3.8.2) lib/puma/server.rb:600:in `handle_request'
puma (3.8.2) lib/puma/server.rb:435:in `process_client'
puma (3.8.2) lib/puma/server.rb:299:in `block in run'
puma (3.8.2) lib/puma/thread_pool.rb:120:in `block in spawn_thread'
  Rendering /Users/ant/.rvm/gems/ruby-2.4.0/gems/actionpack-5.0.2/lib/action_dispatch/middleware/templates/rescues/routing_error.html.erb within rescues/layout
  Rendering /Users/ant/.rvm/gems/ruby-2.4.0/gems/actionpack-5.0.2/lib/action_dispatch/middleware/templates/rescues/_trace.html.erb
  Rendered /Users/ant/.rvm/gems/ruby-2.4.0/gems/actionpack-5.0.2/lib/action_dispatch/middleware/templates/rescues/_trace.html.erb (1.5ms)
  Rendered collection of /Users/ant/.rvm/gems/ruby-2.4.0/gems/actionpack-5.0.2/lib/action_dispatch/middleware/templates/routes/_route.html.erb [8 times] (4.1ms)
  Rendered /Users/ant/.rvm/gems/ruby-2.4.0/gems/actionpack-5.0.2/lib/action_dispatch/middleware/templates/routes/_table.html.erb (2.2ms)
  Rendering /Users/ant/.rvm/gems/ruby-2.4.0/gems/actionpack-5.0.2/lib/action_dispatch/middleware/templates/rescues/_request_and_response.html.erb
  Rendered /Users/ant/.rvm/gems/ruby-2.4.0/gems/actionpack-5.0.2/lib/action_dispatch/middleware/templates/rescues/_request_and_response.html.erb (1.2ms)
  Rendered /Users/ant/.rvm/gems/ruby-2.4.0/gems/actionpack-5.0.2/lib/action_dispatch/middleware/templates/rescues/routing_error.html.erb within rescues/layout (110.5ms)
Started GET "/contacts/6/destroy" for ::1 at 2017-05-09 15:11:23 -0700
  
ActionController::RoutingError (No route matches [GET] "/contacts/6/destroy"):
  
actionpack (5.0.2) lib/action_dispatch/middleware/debug_exceptions.rb:53:in `call'
web-console (3.5.0) lib/web_console/middleware.rb:135:in `call_app'
web-console (3.5.0) lib/web_console/middleware.rb:28:in `block in call'
web-console (3.5.0) lib/web_console/middleware.rb:18:in `catch'
web-console (3.5.0) lib/web_console/middleware.rb:18:in `call'
actionpack (5.0.2) lib/action_dispatch/middleware/show_exceptions.rb:31:in `call'
railties (5.0.2) lib/rails/rack/logger.rb:36:in `call_app'
railties (5.0.2) lib/rails/rack/logger.rb:24:in `block in call'
activesupport (5.0.2) lib/active_support/tagged_logging.rb:69:in `block in tagged'
activesupport (5.0.2) lib/active_support/tagged_logging.rb:26:in `tagged'
activesupport (5.0.2) lib/active_support/tagged_logging.rb:69:in `tagged'
railties (5.0.2) lib/rails/rack/logger.rb:24:in `call'
sprockets-rails (3.2.0) lib/sprockets/rails/quiet_assets.rb:13:in `call'
actionpack (5.0.2) lib/action_dispatch/middleware/request_id.rb:24:in `call'
rack (2.0.1) lib/rack/method_override.rb:22:in `call'
rack (2.0.1) lib/rack/runtime.rb:22:in `call'
activesupport (5.0.2) lib/active_support/cache/strategy/local_cache_middleware.rb:28:in `call'
actionpack (5.0.2) lib/action_dispatch/middleware/executor.rb:12:in `call'
actionpack (5.0.2) lib/action_dispatch/middleware/static.rb:136:in `call'
rack (2.0.1) lib/rack/sendfile.rb:111:in `call'
railties (5.0.2) lib/rails/engine.rb:522:in `call'
puma (3.8.2) lib/puma/configuration.rb:224:in `call'
puma (3.8.2) lib/puma/server.rb:600:in `handle_request'
puma (3.8.2) lib/puma/server.rb:435:in `process_client'
puma (3.8.2) lib/puma/server.rb:299:in `block in run'
puma (3.8.2) lib/puma/thread_pool.rb:120:in `block in spawn_thread'
  Rendering /Users/ant/.rvm/gems/ruby-2.4.0/gems/actionpack-5.0.2/lib/action_dispatch/middleware/templates/rescues/routing_error.html.erb within rescues/layout
  Rendering /Users/ant/.rvm/gems/ruby-2.4.0/gems/actionpack-5.0.2/lib/action_dispatch/middleware/templates/rescues/_trace.html.erb
  Rendered /Users/ant/.rvm/gems/ruby-2.4.0/gems/actionpack-5.0.2/lib/action_dispatch/middleware/templates/rescues/_trace.html.erb (1.3ms)
  Rendered collection of /Users/ant/.rvm/gems/ruby-2.4.0/gems/actionpack-5.0.2/lib/action_dispatch/middleware/templates/routes/_route.html.erb [8 times] (3.0ms)
  Rendered /Users/ant/.rvm/gems/ruby-2.4.0/gems/actionpack-5.0.2/lib/action_dispatch/middleware/templates/routes/_table.html.erb (1.3ms)
  Rendering /Users/ant/.rvm/gems/ruby-2.4.0/gems/actionpack-5.0.2/lib/action_dispatch/middleware/templates/rescues/_request_and_response.html.erb
  Rendered /Users/ant/.rvm/gems/ruby-2.4.0/gems/actionpack-5.0.2/lib/action_dispatch/middleware/templates/rescues/_request_and_response.html.erb (1.3ms)
  Rendered /Users/ant/.rvm/gems/ruby-2.4.0/gems/actionpack-5.0.2/lib/action_dispatch/middleware/templates/rescues/routing_error.html.erb within rescues/layout (98.0ms)
Started GET "/contacts/6/destroy" for ::1 at 2017-05-09 15:15:16 -0700
  
ActionController::RoutingError (No route matches [GET] "/contacts/6/destroy"):
  
actionpack (5.0.2) lib/action_dispatch/middleware/debug_exceptions.rb:53:in `call'
web-console (3.5.0) lib/web_console/middleware.rb:135:in `call_app'
web-console (3.5.0) lib/web_console/middleware.rb:28:in `block in call'
web-console (3.5.0) lib/web_console/middleware.rb:18:in `catch'
web-console (3.5.0) lib/web_console/middleware.rb:18:in `call'
actionpack (5.0.2) lib/action_dispatch/middleware/show_exceptions.rb:31:in `call'
railties (5.0.2) lib/rails/rack/logger.rb:36:in `call_app'
railties (5.0.2) lib/rails/rack/logger.rb:24:in `block in call'
activesupport (5.0.2) lib/active_support/tagged_logging.rb:69:in `block in tagged'
activesupport (5.0.2) lib/active_support/tagged_logging.rb:26:in `tagged'
activesupport (5.0.2) lib/active_support/tagged_logging.rb:69:in `tagged'
railties (5.0.2) lib/rails/rack/logger.rb:24:in `call'
sprockets-rails (3.2.0) lib/sprockets/rails/quiet_assets.rb:13:in `call'
actionpack (5.0.2) lib/action_dispatch/middleware/request_id.rb:24:in `call'
rack (2.0.1) lib/rack/method_override.rb:22:in `call'
rack (2.0.1) lib/rack/runtime.rb:22:in `call'
activesupport (5.0.2) lib/active_support/cache/strategy/local_cache_middleware.rb:28:in `call'
actionpack (5.0.2) lib/action_dispatch/middleware/executor.rb:12:in `call'
actionpack (5.0.2) lib/action_dispatch/middleware/static.rb:136:in `call'
rack (2.0.1) lib/rack/sendfile.rb:111:in `call'
railties (5.0.2) lib/rails/engine.rb:522:in `call'
puma (3.8.2) lib/puma/configuration.rb:224:in `call'
puma (3.8.2) lib/puma/server.rb:600:in `handle_request'
puma (3.8.2) lib/puma/server.rb:435:in `process_client'
puma (3.8.2) lib/puma/server.rb:299:in `block in run'
puma (3.8.2) lib/puma/thread_pool.rb:120:in `block in spawn_thread'
  Rendering /Users/ant/.rvm/gems/ruby-2.4.0/gems/actionpack-5.0.2/lib/action_dispatch/middleware/templates/rescues/routing_error.html.erb within rescues/layout
  Rendering /Users/ant/.rvm/gems/ruby-2.4.0/gems/actionpack-5.0.2/lib/action_dispatch/middleware/templates/rescues/_trace.html.erb
  Rendered /Users/ant/.rvm/gems/ruby-2.4.0/gems/actionpack-5.0.2/lib/action_dispatch/middleware/templates/rescues/_trace.html.erb (1.4ms)
  Rendered collection of /Users/ant/.rvm/gems/ruby-2.4.0/gems/actionpack-5.0.2/lib/action_dispatch/middleware/templates/routes/_route.html.erb [8 times] (2.3ms)
  Rendered /Users/ant/.rvm/gems/ruby-2.4.0/gems/actionpack-5.0.2/lib/action_dispatch/middleware/templates/routes/_table.html.erb (1.4ms)
  Rendering /Users/ant/.rvm/gems/ruby-2.4.0/gems/actionpack-5.0.2/lib/action_dispatch/middleware/templates/rescues/_request_and_response.html.erb
  Rendered /Users/ant/.rvm/gems/ruby-2.4.0/gems/actionpack-5.0.2/lib/action_dispatch/middleware/templates/rescues/_request_and_response.html.erb (1.0ms)
  Rendered /Users/ant/.rvm/gems/ruby-2.4.0/gems/actionpack-5.0.2/lib/action_dispatch/middleware/templates/rescues/routing_error.html.erb within rescues/layout (87.6ms)
Started GET "/" for ::1 at 2017-05-09 21:16:47 -0700
  [1m[36mActiveRecord::SchemaMigration Load (7.6ms)[0m  [1m[34mSELECT "schema_migrations".* FROM "schema_migrations"[0m
Processing by ContactsController#index as HTML
  Rendering contacts/index.html.erb within layouts/application
  [1m[36mContact Load (0.5ms)[0m  [1m[34mSELECT "contacts".* FROM "contacts"[0m
  Rendered contacts/index.html.erb within layouts/application (12.2ms)
Completed 200 OK in 520ms (Views: 497.2ms | ActiveRecord: 3.9ms)


Started GET "/contacts/new" for ::1 at 2017-05-09 21:17:08 -0700
Processing by ContactsController#new as HTML
  Rendering contacts/new.html.erb within layouts/application
  Rendered contacts/new.html.erb within layouts/application (1.0ms)
Completed 200 OK in 56ms (Views: 55.7ms | ActiveRecord: 0.0ms)


Started POST "/contacts" for ::1 at 2017-05-09 21:17:49 -0700
Processing by ContactsController#create as HTML
  Parameters: {"utf8"=>"✓", "authenticity_token"=>"uKujnt3b7nykSoznj0gFHqpxJbjh8uSR7QaxPUMEAqAkzqCzOrJ/DqfHHUzUjKmRFOy44fRBgdDwh+UQLVuQBw==", "first_name"=>"Joe", "last_name"=>"Johnston", "email"=>"Jojohn@jb.com", "phone_number"=>"515-5335"}
  [1m[35m (0.1ms)[0m  [1m[35mBEGIN[0m
  [1m[35mSQL (1.2ms)[0m  [1m[32mINSERT INTO "contacts" ("first_name", "last_name", "email", "phone_number", "created_at", "updated_at") VALUES ($1, $2, $3, $4, $5, $6) RETURNING "id"[0m  [["first_name", "Joe"], ["last_name", "Johnston"], ["email", "Jojohn@jb.com"], ["phone_number", "515-5335"], ["created_at", 2017-05-10 04:17:49 UTC], ["updated_at", 2017-05-10 04:17:49 UTC]]
  [1m[35m (11.2ms)[0m  [1m[35mCOMMIT[0m
  Rendering contacts/create.html.erb within layouts/application
  Rendered contacts/create.html.erb within layouts/application (0.5ms)
Completed 200 OK in 73ms (Views: 56.9ms | ActiveRecord: 12.6ms)


Started GET "/" for ::1 at 2017-05-09 21:18:16 -0700
Processing by ContactsController#index as HTML
  Rendering contacts/index.html.erb within layouts/application
  [1m[36mContact Load (0.4ms)[0m  [1m[34mSELECT "contacts".* FROM "contacts"[0m
  Rendered contacts/index.html.erb within layouts/application (1.9ms)
Completed 200 OK in 55ms (Views: 54.1ms | ActiveRecord: 0.4ms)


Started GET "/" for ::1 at 2017-05-09 21:23:24 -0700
Processing by ContactsController#index as HTML
  Rendering contacts/index.html.erb within layouts/application
  [1m[35m (0.5ms)[0m  [1m[34mSELECT COUNT(*) FROM "contacts"[0m
  [1m[36mContact Load (0.4ms)[0m  [1m[34mSELECT "contacts".* FROM "contacts"[0m
  Rendered contacts/index.html.erb within layouts/application (9.9ms)
Completed 500 Internal Server Error in 15ms (ActiveRecord: 0.9ms)


  
ActionView::Template::Error (undefined method `each' for nil:NilClass):
    4: 
    5:   <div class="row">
    6: 
    7:     <% @three_contacts.each do |contact| %>
    8: 
    9:       <div class="col-md-4">
   10:         <div class="well">
  
app/views/contacts/index.html.erb:7:in `block in _app_views_contacts_index_html_erb___2031984254084151834_70145870341460'
app/views/contacts/index.html.erb:3:in `each_slice'
app/views/contacts/index.html.erb:3:in `_app_views_contacts_index_html_erb___2031984254084151834_70145870341460'
app/controllers/contacts_controller.rb:5:in `index'
  Rendering /Users/ant/.rvm/gems/ruby-2.4.0/gems/actionpack-5.0.2/lib/action_dispatch/middleware/templates/rescues/template_error.html.erb within rescues/layout
  Rendering /Users/ant/.rvm/gems/ruby-2.4.0/gems/actionpack-5.0.2/lib/action_dispatch/middleware/templates/rescues/_source.html.erb
  Rendered /Users/ant/.rvm/gems/ruby-2.4.0/gems/actionpack-5.0.2/lib/action_dispatch/middleware/templates/rescues/_source.html.erb (6.0ms)
  Rendering /Users/ant/.rvm/gems/ruby-2.4.0/gems/actionpack-5.0.2/lib/action_dispatch/middleware/templates/rescues/_trace.html.erb
  Rendered /Users/ant/.rvm/gems/ruby-2.4.0/gems/actionpack-5.0.2/lib/action_dispatch/middleware/templates/rescues/_trace.html.erb (8.0ms)
  Rendering /Users/ant/.rvm/gems/ruby-2.4.0/gems/actionpack-5.0.2/lib/action_dispatch/middleware/templates/rescues/_request_and_response.html.erb
  Rendered /Users/ant/.rvm/gems/ruby-2.4.0/gems/actionpack-5.0.2/lib/action_dispatch/middleware/templates/rescues/_request_and_response.html.erb (1.4ms)
  Rendered /Users/ant/.rvm/gems/ruby-2.4.0/gems/actionpack-5.0.2/lib/action_dispatch/middleware/templates/rescues/template_error.html.erb within rescues/layout (88.7ms)
Started GET "/" for ::1 at 2017-05-09 21:26:13 -0700
Processing by ContactsController#index as HTML
  Rendering contacts/index.html.erb within layouts/application
  [1m[35m (0.6ms)[0m  [1m[34mSELECT COUNT(*) FROM "contacts"[0m
  [1m[36mContact Load (0.3ms)[0m  [1m[34mSELECT "contacts".* FROM "contacts"[0m
  Rendered contacts/index.html.erb within layouts/application (3.1ms)
Completed 200 OK in 99ms (Views: 96.7ms | ActiveRecord: 0.9ms)


Started GET "/" for ::1 at 2017-05-09 21:26:46 -0700
Processing by ContactsController#index as HTML
  Rendering contacts/index.html.erb within layouts/application
  [1m[35m (0.3ms)[0m  [1m[34mSELECT COUNT(*) FROM "contacts"[0m
  [1m[36mContact Load (0.3ms)[0m  [1m[34mSELECT "contacts".* FROM "contacts"[0m
  Rendered contacts/index.html.erb within layouts/application (2.5ms)
Completed 200 OK in 53ms (Views: 52.2ms | ActiveRecord: 0.6ms)


